<?xml version="1.0" encoding="UTF-8"?>
<coverage generated="1694459610">
  <project timestamp="1694459610">
    <file name="/home/azat/php-project-48/src/Differ.php">
      <line num="7" type="stmt" count="1"/>
      <line num="8" type="stmt" count="1"/>
      <line num="10" type="stmt" count="1"/>
      <line num="11" type="stmt" count="1"/>
      <line num="13" type="stmt" count="1"/>
      <line num="14" type="stmt" count="1"/>
      <line num="15" type="stmt" count="1"/>
      <line num="17" type="stmt" count="1"/>
      <line num="18" type="stmt" count="1"/>
      <line num="20" type="stmt" count="1"/>
      <line num="21" type="stmt" count="1"/>
      <line num="23" type="stmt" count="1"/>
      <line num="24" type="stmt" count="1"/>
      <line num="26" type="stmt" count="1"/>
      <metrics loc="28" ncloc="28" classes="0" methods="0" coveredmethods="0" conditionals="0" coveredconditionals="0" statements="14" coveredstatements="14" elements="14" coveredelements="14"/>
    </file>
    <file name="/home/azat/php-project-48/src/Display.php">
      <line num="11" type="stmt" count="0"/>
      <line num="25" type="stmt" count="0"/>
      <line num="27" type="stmt" count="0"/>
      <line num="29" type="stmt" count="0"/>
      <line num="30" type="stmt" count="0"/>
      <line num="31" type="stmt" count="0"/>
      <line num="33" type="stmt" count="0"/>
      <metrics loc="35" ncloc="35" classes="0" methods="0" coveredmethods="0" conditionals="0" coveredconditionals="0" statements="7" coveredstatements="0" elements="7" coveredelements="0"/>
    </file>
    <file name="/home/azat/php-project-48/tests/DifferTest.php">
      <class name="DiffDeterminant\DifferTest\DifferTest" namespace="global">
        <metrics complexity="1" methods="1" coveredmethods="1" conditionals="0" coveredconditionals="0" statements="5" coveredstatements="5" elements="6" coveredelements="6"/>
      </class>
      <line num="11" type="method" name="testStylishFormat" visibility="public" complexity="1" crap="1" count="1"/>
      <line num="13" type="stmt" count="1"/>
      <line num="14" type="stmt" count="1"/>
      <line num="16" type="stmt" count="1"/>
      <line num="17" type="stmt" count="1"/>
      <line num="19" type="stmt" count="1"/>
      <metrics loc="21" ncloc="21" classes="1" methods="1" coveredmethods="1" conditionals="0" coveredconditionals="0" statements="5" coveredstatements="5" elements="6" coveredelements="6"/>
    </file>
    <metrics files="3" loc="84" ncloc="84" classes="1" methods="1" coveredmethods="1" conditionals="0" coveredconditionals="0" statements="26" coveredstatements="19" elements="27" coveredelements="20"/>
  </project>
</coverage>
